2025-06-03T12:17:24Z - >>> ENTRYPOINT SCRIPT START
2025-06-03T12:17:24Z - System Uptime: up 27 weeks, 1 day, 13 hours, 56 minutes
2025-06-03T12:17:24Z - Logfile for this session: /data/log/server_operations_2025-06-03T12:17:24Z.log
2025-06-03T12:17:24Z - --- Section 1: SSH Key Setup START ---
2025-06-03T12:17:24Z - Created directory /root/.ssh (if it didn't exist).
2025-06-03T12:17:24Z - Configured authorized_keys.
2025-06-03T12:17:24Z - Configured private key id_ed25519 from DEPLOY_KEY_B64.
2025-06-03T12:17:24Z - Configured SSH client config for github.com.
2025-06-03T12:17:24Z - --- Section 1: SSH Key Setup COMPLETE ---
2025-06-03T12:17:24Z - --- Section 2: SLIM Code & Dependencies Setup START ---
2025-06-03T12:17:24Z - Activated Python virtual environment: /myenv/bin/activate.
2025-06-03T12:17:24Z - SLIM repository found at /SLIM. Updating...
2025-06-03T12:17:25Z - SLIM repository updated successfully.
2025-06-03T12:17:25Z - --- Section 2: SLIM Code & Dependencies Setup COMPLETE ---
2025-06-03T12:17:25Z - --- Section 3: Data Repository Setup & Snapshot START ---
2025-06-03T12:17:25Z - Ensured data directory /data exists.
2025-06-03T12:17:25Z - Changed directory to /data.
2025-06-03T12:17:25Z - Initializing Git repository in /data.
2025-06-03T12:17:25Z - Added remote 'origin' (git@github.com:amarmate/data_transfer.git).
2025-06-03T12:17:25Z - Fetching 'origin main' for data repository...
2025-06-03T12:17:30Z - No HEAD found in /data (repository might be empty), skipping stash.
2025-06-03T12:17:30Z - 'origin/main' found. Setting local 'main' to match 'origin/main'.
2025-06-03T12:17:30Z - Local 'main' branch in /data is now set from 'origin/main'.
2025-06-03T12:17:30Z - No stash was applied or stash attempt failed in /data, skipping pop.
2025-06-03T12:17:30Z - Configuring git user.name='Mateus GP Bot' and user.email='mbaptistaamaral@gmail.com' for /data.
2025-06-03T12:17:30Z - Adding all changes in /data to git staging area...
