2025-06-03T12:35:07Z - >>> ENTRYPOINT SCRIPT START
2025-06-03T12:35:07Z - System Uptime: up 27 weeks, 1 day, 14 hours, 14 minutes
2025-06-03T12:35:07Z - Logfile for this session: /data/log/server_operations_2025-06-03T12:35:07Z.log
DEBUG_SCRIPT_START: Initial LOGFILE value is '/data/log/server_operations_2025-06-03T12:35:07Z.log'
2025-06-03T12:35:07Z - --- Section 1: SSH Key Setup START ---
2025-06-03T12:35:07Z - Created directory /root/.ssh (if it didn't exist).
2025-06-03T12:35:07Z - Configured authorized_keys.
2025-06-03T12:35:07Z - Configured private key id_ed25519 from DEPLOY_KEY_B64.
2025-06-03T12:35:07Z - Configured SSH client config for github.com.
2025-06-03T12:35:07Z - --- Section 1: SSH Key Setup COMPLETE ---
2025-06-03T12:35:07Z - --- Section 2: SLIM Code & Dependencies Setup START ---
2025-06-03T12:35:07Z - Activated Python virtual environment: /myenv/bin/activate.
2025-06-03T12:35:07Z - SLIM repository found at /SLIM. Updating...
2025-06-03T12:35:07Z - SLIM repository updated successfully.
2025-06-03T12:35:07Z - --- Section 2: SLIM Code & Dependencies Setup COMPLETE ---
2025-06-03T12:35:07Z - --- Section 3: Data Repository Setup & Snapshot START ---
2025-06-03T12:35:07Z - Ensured data directory /data exists.
2025-06-03T12:35:07Z - Changed directory to /data.
2025-06-03T12:35:07Z - Initializing Git repository in /data.
2025-06-03T12:35:07Z - Added remote 'origin' (git@github.com:amarmate/data_transfer.git).
2025-06-03T12:35:07Z - Fetching 'origin main' for data repository...
2025-06-03T12:35:12Z - No HEAD found in /data (repository might be empty), skipping stash.
2025-06-03T12:35:12Z - 'origin/main' found. Setting local 'main' to match 'origin/main'.
2025-06-03T12:35:12Z - Local 'main' branch in /data is now set from 'origin/main'.
2025-06-03T12:35:12Z - No stash was applied or stash attempt failed in /data, skipping pop.
2025-06-03T12:35:12Z - Configuring git user.name='Mateus GP Bot' and user.email='mbaptistaamaral@gmail.com' for /data.
2025-06-03T12:35:12Z - Adding all changes in /data to git staging area...
